0 info it worked if it ends with ok
1 verbose cli [ '/usr/bin/node',
1 verbose cli   '/usr/bin/npm',
1 verbose cli   'install',
1 verbose cli   'contrib-cssmin',
1 verbose cli   '--save-dev' ]
2 info using npm@1.4.28
3 info using node@v0.10.33
4 verbose node symlink /usr/bin/node
5 warn package.json grunt_app@1.0.0 No repository field.
6 warn package.json grunt_app@1.0.0 No README data
7 verbose readDependencies using package.json deps
8 verbose cache add [ 'contrib-cssmin', null ]
9 verbose cache add name=undefined spec="contrib-cssmin" args=["contrib-cssmin",null]
10 verbose parsed url { protocol: null,
10 verbose parsed url   slashes: null,
10 verbose parsed url   auth: null,
10 verbose parsed url   host: null,
10 verbose parsed url   port: null,
10 verbose parsed url   hostname: null,
10 verbose parsed url   hash: null,
10 verbose parsed url   search: null,
10 verbose parsed url   query: null,
10 verbose parsed url   pathname: 'contrib-cssmin',
10 verbose parsed url   path: 'contrib-cssmin',
10 verbose parsed url   href: 'contrib-cssmin' }
11 silly lockFile 3cb6eee3-contrib-cssmin contrib-cssmin
12 verbose lock contrib-cssmin /home/webonise/.npm/3cb6eee3-contrib-cssmin.lock
13 silly lockFile 3cb6eee3-contrib-cssmin contrib-cssmin
14 silly lockFile 3cb6eee3-contrib-cssmin contrib-cssmin
15 verbose addNamed [ 'contrib-cssmin', '' ]
16 verbose addNamed [ null, '*' ]
17 silly lockFile 52cefea5-contrib-cssmin contrib-cssmin@
18 verbose lock contrib-cssmin@ /home/webonise/.npm/52cefea5-contrib-cssmin.lock
19 silly addNameRange { name: 'contrib-cssmin', range: '*', hasData: false }
20 verbose request where is /contrib-cssmin
21 verbose request registry https://registry.npmjs.org/
22 verbose request id 8fa79caaa5c97cef
23 verbose url raw /contrib-cssmin
24 verbose url resolving [ 'https://registry.npmjs.org/', './contrib-cssmin' ]
25 verbose url resolved https://registry.npmjs.org/contrib-cssmin
26 verbose request where is https://registry.npmjs.org/contrib-cssmin
27 info trying registry request attempt 1 at 18:35:12
28 http GET https://registry.npmjs.org/contrib-cssmin
29 http 404 https://registry.npmjs.org/contrib-cssmin
30 verbose headers { date: 'Tue, 09 Dec 2014 12:57:11 GMT',
30 verbose headers   server: 'CouchDB/1.5.0 (Erlang OTP/R16B03)',
30 verbose headers   'content-type': 'application/json',
30 verbose headers   'cache-control': 'max-age=0',
30 verbose headers   'content-length': '52',
30 verbose headers   'accept-ranges': 'bytes',
30 verbose headers   via: '1.1 varnish',
30 verbose headers   age: '0',
30 verbose headers   'x-served-by': 'cache-jfk1025-JFK',
30 verbose headers   'x-cache': 'MISS',
30 verbose headers   'x-cache-hits': '0',
30 verbose headers   'x-timer': 'S1418129831.685284,VS0,VE79',
30 verbose headers   'keep-alive': 'timeout=10, max=50',
30 verbose headers   connection: 'Keep-Alive' }
31 silly registry.get cb [ 404,
31 silly registry.get   { date: 'Tue, 09 Dec 2014 12:57:11 GMT',
31 silly registry.get     server: 'CouchDB/1.5.0 (Erlang OTP/R16B03)',
31 silly registry.get     'content-type': 'application/json',
31 silly registry.get     'cache-control': 'max-age=0',
31 silly registry.get     'content-length': '52',
31 silly registry.get     'accept-ranges': 'bytes',
31 silly registry.get     via: '1.1 varnish',
31 silly registry.get     age: '0',
31 silly registry.get     'x-served-by': 'cache-jfk1025-JFK',
31 silly registry.get     'x-cache': 'MISS',
31 silly registry.get     'x-cache-hits': '0',
31 silly registry.get     'x-timer': 'S1418129831.685284,VS0,VE79',
31 silly registry.get     'keep-alive': 'timeout=10, max=50',
31 silly registry.get     connection: 'Keep-Alive' } ]
32 silly lockFile 52cefea5-contrib-cssmin contrib-cssmin@
33 silly lockFile 52cefea5-contrib-cssmin contrib-cssmin@
34 error 404 404 Not Found: contrib-cssmin
34 error 404
34 error 404 'contrib-cssmin' is not in the npm registry.
34 error 404 You should bug the author to publish it
34 error 404 It was specified as a dependency of 'grunt_app'
34 error 404
34 error 404 Note that you can also install from a
34 error 404 tarball, folder, or http url, or git url.
35 error System Linux 3.2.0-72-generic
36 error command "/usr/bin/node" "/usr/bin/npm" "install" "contrib-cssmin" "--save-dev"
37 error cwd /home/webonise/grunt_app
38 error node -v v0.10.33
39 error npm -v 1.4.28
40 error code E404
41 verbose exit [ 1, true ]
